
Showing logs for build [32mcb-kubecd-environment-pr-199-57-fdjsk-1[0m stage [32mfrom-build-pack[0m and container [32mstep-credential-initializer-m6g4j[0m
{"level":"warn","ts":1586637060.1501527,"logger":"fallback-logger","caller":"logging/config.go:69","msg":"Fetch GitHub commit ID from kodata failed: \"ref: refs/heads/0.8.0-**-support-backwards-incompats\" is not a valid GitHub commit ID"}
{"level":"info","ts":1586637060.1506932,"logger":"fallback-logger","caller":"creds-init/main.go:40","msg":"Credentials initialized."}

Showing logs for build [32mcb-kubecd-environment-pr-199-57-fdjsk-1[0m stage [32mfrom-build-pack[0m and container [32mstep-working-dir-initializer-ww8xt[0m
{"level":"warn","ts":1586637062.1319063,"logger":"fallback-logger","caller":"logging/config.go:69","msg":"Fetch GitHub commit ID from kodata failed: open /var/run/ko/HEAD: no such file or directory"}
{"level":"info","ts":1586637062.1333218,"logger":"fallback-logger","caller":"bash/main.go:64","msg":"Successfully executed command \"sh -c mkdir -p /workspace/source\"; output "}

Showing logs for build [32mcb-kubecd-environment-pr-199-57-fdjsk-1[0m stage [32mfrom-build-pack[0m and container [32mstep-place-tools[0m

Showing logs for build [32mcb-kubecd-environment-pr-199-57-fdjsk-1[0m stage [32mfrom-build-pack[0m and container [32mstep-git-source-cb-kubecd-environment-pr-199-57-fdjsk-dmm58[0m
{"level":"warn","ts":1586637068.898587,"logger":"fallback-logger","caller":"logging/config.go:69","msg":"Fetch GitHub commit ID from kodata failed: \"ref: refs/heads/0.8.0-**-support-backwards-incompats\" is not a valid GitHub commit ID"}
{"level":"info","ts":1586637069.8960414,"logger":"fallback-logger","caller":"git/git.go:103","msg":"Successfully cloned https://github.com/cb-kubecd/environment-pr-199-57-boot-gke-staging.git @ master in path /workspace/source"}

Showing logs for build [32mcb-kubecd-environment-pr-199-57-fdjsk-1[0m stage [32mfrom-build-pack[0m and container [32mstep-git-merge[0m
Using SHAs from PULL_REFS=master:17af9c5c5bf7fd270157f255b04bdf622fbca9ba,1:4685f941adf2ab75a4c8c919b7615c37f8234b4d
DEBUG: LC_ALL=C JX_LOG_LEVEL=error git fetch origin --unshallow 4685f941adf2ab75a4c8c919b7615c37f8234b4d: 17af9c5c5bf7fd270157f255b04bdf622fbca9ba:
DEBUG: ran git fetch --unshallow origin 4685f941adf2ab75a4c8c919b7615c37f8234b4d: 17af9c5c5bf7fd270157f255b04bdf622fbca9ba: in 
DEBUG: LC_ALL=C JX_LOG_LEVEL=error git branch
DEBUG: LC_ALL=C JX_LOG_LEVEL=error git checkout master
DEBUG: ran git checkout master in 
DEBUG: LC_ALL=C JX_LOG_LEVEL=error git reset --hard 17af9c5c5bf7fd270157f255b04bdf622fbca9ba
DEBUG: ran git reset --hard 17af9c5c5bf7fd270157f255b04bdf622fbca9ba in 
DEBUG: LC_ALL=C JX_LOG_LEVEL=error git clean -fd .
DEBUG: ran clean --force -d . in 
DEBUG: LC_ALL=C JX_LOG_LEVEL=error git merge 4685f941adf2ab75a4c8c919b7615c37f8234b4d
DEBUG: ran git merge 4685f941adf2ab75a4c8c919b7615c37f8234b4d in 
DEBUG: LC_ALL=C JX_LOG_LEVEL=error git log --format=%H%x1f%an%x1f%ae%x1f%cn%x1f%ce%x1f%s%n%b%x1e 17af9c5c5bf7fd270157f255b04bdf622fbca9ba..HEAD
Merged SHA 4685f941adf2ab75a4c8c919b7615c37f8234b4d with commit message 'chore: Promote bdd-spring-1586636724 to version 0.0.1' into base branch master

Showing logs for build [32mcb-kubecd-environment-pr-199-57-fdjsk-1[0m stage [32mfrom-build-pack[0m and container [32mstep-build-helm-build[0m
WARNING: No $CHART_REPOSITORY defined so using the default value of: http://jenkins-x-chartmuseum:8080
Adding missing Helm repo: storage.googleapis.com https://storage.googleapis.com/chartmuseum.jenkins-x.io
WARNING: No secrets found on "helm/repos" due: reading the secret "helm/repos" from vault: no secret "helm/repos" not found in vault
Read credentials for https://storage.googleapis.com/chartmuseum.jenkins-x.io from vault helm/repos
Successfully added Helm repository storage.googleapis.com.
Adding missing Helm repo: jenkins-x-chartmuseum http://jenkins-x-chartmuseum:8080
WARNING: No secrets found on "helm/repos" due: reading the secret "helm/repos" from vault: no secret "helm/repos" not found in vault
Read credentials for http://jenkins-x-chartmuseum:8080 from vault helm/repos
Successfully added Helm repository jenkins-x-chartmuseum.
WARNING: No $CHART_REPOSITORY defined so using the default value of: http://jenkins-x-chartmuseum:8080
Adding missing Helm repo: chartmuseum.jenkins-x.io http://chartmuseum.jenkins-x.io
WARNING: No secrets found on "helm/repos" due: reading the secret "helm/repos" from vault: no secret "helm/repos" not found in vault
Read credentials for http://chartmuseum.jenkins-x.io from vault helm/repos
Successfully added Helm repository chartmuseum.jenkins-x.io.
