
Showing logs for build [32mcb-kubecd-environment-pr-199-57-vp6r4-1[0m stage [32mfrom-build-pack[0m and container [32mstep-credential-initializer-x7vf6[0m
{"level":"warn","ts":1586640399.9627006,"logger":"fallback-logger","caller":"logging/config.go:69","msg":"Fetch GitHub commit ID from kodata failed: \"ref: refs/heads/0.8.0-**-support-backwards-incompats\" is not a valid GitHub commit ID"}
{"level":"info","ts":1586640399.9635222,"logger":"fallback-logger","caller":"creds-init/main.go:40","msg":"Credentials initialized."}

Showing logs for build [32mcb-kubecd-environment-pr-199-57-vp6r4-1[0m stage [32mfrom-build-pack[0m and container [32mstep-working-dir-initializer-2hngr[0m
{"level":"warn","ts":1586640400.9729638,"logger":"fallback-logger","caller":"logging/config.go:69","msg":"Fetch GitHub commit ID from kodata failed: open /var/run/ko/HEAD: no such file or directory"}
{"level":"info","ts":1586640400.979553,"logger":"fallback-logger","caller":"bash/main.go:64","msg":"Successfully executed command \"sh -c mkdir -p /workspace/source\"; output "}

Showing logs for build [32mcb-kubecd-environment-pr-199-57-vp6r4-1[0m stage [32mfrom-build-pack[0m and container [32mstep-place-tools[0m

Showing logs for build [32mcb-kubecd-environment-pr-199-57-vp6r4-1[0m stage [32mfrom-build-pack[0m and container [32mstep-git-source-cb-kubecd-environment-pr-199-57-vp6r4-zvxr8[0m
{"level":"warn","ts":1586640405.0991669,"logger":"fallback-logger","caller":"logging/config.go:69","msg":"Fetch GitHub commit ID from kodata failed: \"ref: refs/heads/0.8.0-**-support-backwards-incompats\" is not a valid GitHub commit ID"}
{"level":"info","ts":1586640406.158723,"logger":"fallback-logger","caller":"git/git.go:103","msg":"Successfully cloned https://github.com/cb-kubecd/environment-pr-199-57-boot-gke-staging.git @ master in path /workspace/source"}

Showing logs for build [32mcb-kubecd-environment-pr-199-57-vp6r4-1[0m stage [32mfrom-build-pack[0m and container [32mstep-git-merge[0m
Using SHAs from PULL_REFS=master:f9cead746b8475765707bb43fcbaddb50b4c0f3c,5:cc61565f4e498c6c3794db909f939338e3db2aa1
DEBUG: LC_ALL=C JX_LOG_LEVEL=error git fetch origin --unshallow cc61565f4e498c6c3794db909f939338e3db2aa1: f9cead746b8475765707bb43fcbaddb50b4c0f3c:
DEBUG: ran git fetch --unshallow origin cc61565f4e498c6c3794db909f939338e3db2aa1: f9cead746b8475765707bb43fcbaddb50b4c0f3c: in 
DEBUG: LC_ALL=C JX_LOG_LEVEL=error git branch
DEBUG: LC_ALL=C JX_LOG_LEVEL=error git checkout master
DEBUG: ran git checkout master in 
DEBUG: LC_ALL=C JX_LOG_LEVEL=error git reset --hard f9cead746b8475765707bb43fcbaddb50b4c0f3c
DEBUG: ran git reset --hard f9cead746b8475765707bb43fcbaddb50b4c0f3c in 
DEBUG: LC_ALL=C JX_LOG_LEVEL=error git clean -fd .
DEBUG: ran clean --force -d . in 
DEBUG: LC_ALL=C JX_LOG_LEVEL=error git merge cc61565f4e498c6c3794db909f939338e3db2aa1
DEBUG: ran git merge cc61565f4e498c6c3794db909f939338e3db2aa1 in 
DEBUG: JX_LOG_LEVEL=error LC_ALL=C git log --format=%H%x1f%an%x1f%ae%x1f%cn%x1f%ce%x1f%s%n%b%x1e f9cead746b8475765707bb43fcbaddb50b4c0f3c..HEAD
Merged SHA cc61565f4e498c6c3794db909f939338e3db2aa1 with commit message 'chore: Promote bdd-sbrp-import-1586640044 to version 0.0.1' into base branch master

Showing logs for build [32mcb-kubecd-environment-pr-199-57-vp6r4-1[0m stage [32mfrom-build-pack[0m and container [32mstep-build-helm-build[0m
WARNING: No $CHART_REPOSITORY defined so using the default value of: http://jenkins-x-chartmuseum:8080
Adding missing Helm repo: storage.googleapis.com https://storage.googleapis.com/chartmuseum.jenkins-x.io
WARNING: No secrets found on "helm/repos" due: reading the secret "helm/repos" from vault: no secret "helm/repos" not found in vault
Read credentials for https://storage.googleapis.com/chartmuseum.jenkins-x.io from vault helm/repos
Successfully added Helm repository storage.googleapis.com.
Adding missing Helm repo: jenkins-x-chartmuseum http://jenkins-x-chartmuseum:8080
WARNING: No secrets found on "helm/repos" due: reading the secret "helm/repos" from vault: no secret "helm/repos" not found in vault
Read credentials for http://jenkins-x-chartmuseum:8080 from vault helm/repos
Successfully added Helm repository jenkins-x-chartmuseum.
WARNING: No $CHART_REPOSITORY defined so using the default value of: http://jenkins-x-chartmuseum:8080
Adding missing Helm repo: chartmuseum.jenkins-x.io http://chartmuseum.jenkins-x.io
WARNING: No secrets found on "helm/repos" due: reading the secret "helm/repos" from vault: no secret "helm/repos" not found in vault
Read credentials for http://chartmuseum.jenkins-x.io from vault helm/repos
Successfully added Helm repository chartmuseum.jenkins-x.io.
